<?xml version="1.0" encoding="UTF-8"?>
<Site BuildName="(empty)"
	BuildStamp="20241003-2106-Experimental"
	Name="9089e2a3b0de"
	Generator="ctest-3.28.3"
	CompilerName="/usr/bin/c++"
	CompilerVersion="13.2.0"
	OSName="Linux"
	Hostname="99b7dac1d50b"
	OSRelease="6.10.4-linuxkit"
	OSVersion="#1 SMP PREEMPT_DYNAMIC Mon Aug 12 08:48:58 UTC 2024"
	OSPlatform="x86_64"
	Is64Bits="1"
	VendorString="GenuineIntel"
	VendorID="Intel Corporation"
	FamilyID="6"
	ModelID="126"
	ProcessorCacheSize="6144"
	NumberOfLogicalCPU="8"
	NumberOfPhysicalCPU="8"
	TotalVirtualMemory="1023"
	TotalPhysicalMemory="11959"
	LogicalProcessorsPerPhysical="1"
	ProcessorClockFrequency="1996.79"
	>
	<Testing>
		<StartDateTime>Oct 03 21:06 UTC</StartDateTime>
		<StartTestTime>1727989580</StartTestTime>
		<TestList>
			<Test>./copyright</Test>
			<Test>./cppcheck</Test>
			<Test>./cpplint</Test>
			<Test>./lint_cmake</Test>
			<Test>./uncrustify</Test>
			<Test>./xmllint</Test>
		</TestList>
		<Test Status="passed">
			<Name>copyright</Name>
			<Path>.</Path>
			<FullName>./copyright</FullName>
			<FullCommandLine>/usr/bin/python3 "-u" "/opt/ros/jazzy/share/ament_cmake_test/cmake/run_test.py" "/rjd_projects/colcon_practice1/build/examples_rclcpp_cbg_executor/test_results/examples_rclcpp_cbg_executor/copyright.xunit.xml" "--package-name" "examples_rclcpp_cbg_executor" "--output-file" "/rjd_projects/colcon_practice1/build/examples_rclcpp_cbg_executor/ament_copyright/copyright.txt" "--command" "/opt/ros/jazzy/bin/ament_copyright" "--xunit-file" "/rjd_projects/colcon_practice1/build/examples_rclcpp_cbg_executor/test_results/examples_rclcpp_cbg_executor/copyright.xunit.xml"</FullCommandLine>
			<Results>
				<NamedMeasurement type="numeric/double" name="Execution Time">
					<Value>2.20065</Value>
				</NamedMeasurement>
				<NamedMeasurement type="numeric/double" name="Processors">
					<Value>1</Value>
				</NamedMeasurement>
				<NamedMeasurement type="text/string" name="Completion Status">
					<Value>Completed</Value>
				</NamedMeasurement>
				<NamedMeasurement type="text/string" name="Command Line">
					<Value>/usr/bin/python3 "-u" "/opt/ros/jazzy/share/ament_cmake_test/cmake/run_test.py" "/rjd_projects/colcon_practice1/build/examples_rclcpp_cbg_executor/test_results/examples_rclcpp_cbg_executor/copyright.xunit.xml" "--package-name" "examples_rclcpp_cbg_executor" "--output-file" "/rjd_projects/colcon_practice1/build/examples_rclcpp_cbg_executor/ament_copyright/copyright.txt" "--command" "/opt/ros/jazzy/bin/ament_copyright" "--xunit-file" "/rjd_projects/colcon_practice1/build/examples_rclcpp_cbg_executor/test_results/examples_rclcpp_cbg_executor/copyright.xunit.xml"</Value>
				</NamedMeasurement>
				<NamedMeasurement type="text/string" name="Environment">
					<Value>#CTEST_RESOURCE_GROUP_COUNT=</Value>
				</NamedMeasurement>
				<Measurement>
					<Value>-- run_test.py: invoking following command in '/rjd_projects/colcon_practice1/src/examples/rclcpp/executors/cbg_executor':
 - /opt/ros/jazzy/bin/ament_copyright --xunit-file /rjd_projects/colcon_practice1/build/examples_rclcpp_cbg_executor/test_results/examples_rclcpp_cbg_executor/copyright.xunit.xml
No problems found, checked 8 files
-- run_test.py: return code 0
-- run_test.py: verify result file '/rjd_projects/colcon_practice1/build/examples_rclcpp_cbg_executor/test_results/examples_rclcpp_cbg_executor/copyright.xunit.xml'
</Value>
				</Measurement>
			</Results>
			<Labels>
				<Label>copyright</Label>
				<Label>linter</Label>
			</Labels>
		</Test>
		<Test Status="passed">
			<Name>cppcheck</Name>
			<Path>.</Path>
			<FullName>./cppcheck</FullName>
			<FullCommandLine>/usr/bin/python3 "-u" "/opt/ros/jazzy/share/ament_cmake_test/cmake/run_test.py" "/rjd_projects/colcon_practice1/build/examples_rclcpp_cbg_executor/test_results/examples_rclcpp_cbg_executor/cppcheck.xunit.xml" "--package-name" "examples_rclcpp_cbg_executor" "--output-file" "/rjd_projects/colcon_practice1/build/examples_rclcpp_cbg_executor/ament_cppcheck/cppcheck.txt" "--command" "/opt/ros/jazzy/bin/ament_cppcheck" "--xunit-file" "/rjd_projects/colcon_practice1/build/examples_rclcpp_cbg_executor/test_results/examples_rclcpp_cbg_executor/cppcheck.xunit.xml" "--include_dirs" "/rjd_projects/colcon_practice1/src/examples/rclcpp/executors/cbg_executor/include"</FullCommandLine>
			<Results>
				<NamedMeasurement type="numeric/double" name="Execution Time">
					<Value>0.574227</Value>
				</NamedMeasurement>
				<NamedMeasurement type="numeric/double" name="Processors">
					<Value>1</Value>
				</NamedMeasurement>
				<NamedMeasurement type="text/string" name="Completion Status">
					<Value>Completed</Value>
				</NamedMeasurement>
				<NamedMeasurement type="text/string" name="Command Line">
					<Value>/usr/bin/python3 "-u" "/opt/ros/jazzy/share/ament_cmake_test/cmake/run_test.py" "/rjd_projects/colcon_practice1/build/examples_rclcpp_cbg_executor/test_results/examples_rclcpp_cbg_executor/cppcheck.xunit.xml" "--package-name" "examples_rclcpp_cbg_executor" "--output-file" "/rjd_projects/colcon_practice1/build/examples_rclcpp_cbg_executor/ament_cppcheck/cppcheck.txt" "--command" "/opt/ros/jazzy/bin/ament_cppcheck" "--xunit-file" "/rjd_projects/colcon_practice1/build/examples_rclcpp_cbg_executor/test_results/examples_rclcpp_cbg_executor/cppcheck.xunit.xml" "--include_dirs" "/rjd_projects/colcon_practice1/src/examples/rclcpp/executors/cbg_executor/include"</Value>
				</NamedMeasurement>
				<NamedMeasurement type="text/string" name="Environment">
					<Value>#CTEST_RESOURCE_GROUP_COUNT=</Value>
				</NamedMeasurement>
				<Measurement>
					<Value>-- run_test.py: invoking following command in '/rjd_projects/colcon_practice1/src/examples/rclcpp/executors/cbg_executor':
 - /opt/ros/jazzy/bin/ament_cppcheck --xunit-file /rjd_projects/colcon_practice1/build/examples_rclcpp_cbg_executor/test_results/examples_rclcpp_cbg_executor/cppcheck.xunit.xml --include_dirs /rjd_projects/colcon_practice1/src/examples/rclcpp/executors/cbg_executor/include
cppcheck 2.13.0 has known performance issues and therefore will not be used, set the AMENT_CPPCHECK_ALLOW_SLOW_VERSIONS environment variable to override this.
-- run_test.py: return code 0
-- run_test.py: verify result file '/rjd_projects/colcon_practice1/build/examples_rclcpp_cbg_executor/test_results/examples_rclcpp_cbg_executor/cppcheck.xunit.xml'
</Value>
				</Measurement>
			</Results>
			<Labels>
				<Label>cppcheck</Label>
				<Label>linter</Label>
			</Labels>
		</Test>
		<Test Status="passed">
			<Name>cpplint</Name>
			<Path>.</Path>
			<FullName>./cpplint</FullName>
			<FullCommandLine>/usr/bin/python3 "-u" "/opt/ros/jazzy/share/ament_cmake_test/cmake/run_test.py" "/rjd_projects/colcon_practice1/build/examples_rclcpp_cbg_executor/test_results/examples_rclcpp_cbg_executor/cpplint.xunit.xml" "--package-name" "examples_rclcpp_cbg_executor" "--output-file" "/rjd_projects/colcon_practice1/build/examples_rclcpp_cbg_executor/ament_cpplint/cpplint.txt" "--command" "/opt/ros/jazzy/bin/ament_cpplint" "--xunit-file" "/rjd_projects/colcon_practice1/build/examples_rclcpp_cbg_executor/test_results/examples_rclcpp_cbg_executor/cpplint.xunit.xml"</FullCommandLine>
			<Results>
				<NamedMeasurement type="numeric/double" name="Execution Time">
					<Value>8.70547</Value>
				</NamedMeasurement>
				<NamedMeasurement type="numeric/double" name="Processors">
					<Value>1</Value>
				</NamedMeasurement>
				<NamedMeasurement type="text/string" name="Completion Status">
					<Value>Completed</Value>
				</NamedMeasurement>
				<NamedMeasurement type="text/string" name="Command Line">
					<Value>/usr/bin/python3 "-u" "/opt/ros/jazzy/share/ament_cmake_test/cmake/run_test.py" "/rjd_projects/colcon_practice1/build/examples_rclcpp_cbg_executor/test_results/examples_rclcpp_cbg_executor/cpplint.xunit.xml" "--package-name" "examples_rclcpp_cbg_executor" "--output-file" "/rjd_projects/colcon_practice1/build/examples_rclcpp_cbg_executor/ament_cpplint/cpplint.txt" "--command" "/opt/ros/jazzy/bin/ament_cpplint" "--xunit-file" "/rjd_projects/colcon_practice1/build/examples_rclcpp_cbg_executor/test_results/examples_rclcpp_cbg_executor/cpplint.xunit.xml"</Value>
				</NamedMeasurement>
				<NamedMeasurement type="text/string" name="Environment">
					<Value>#CTEST_RESOURCE_GROUP_COUNT=</Value>
				</NamedMeasurement>
				<Measurement>
					<Value>-- run_test.py: invoking following command in '/rjd_projects/colcon_practice1/src/examples/rclcpp/executors/cbg_executor':
 - /opt/ros/jazzy/bin/ament_cpplint --xunit-file /rjd_projects/colcon_practice1/build/examples_rclcpp_cbg_executor/test_results/examples_rclcpp_cbg_executor/cpplint.xunit.xml
Using '--root=/rjd_projects/colcon_practice1/src/examples/rclcpp/executors/cbg_executor/include' argument

Done processing /rjd_projects/colcon_practice1/src/examples/rclcpp/executors/cbg_executor/include/examples_rclcpp_cbg_executor/ping_node.hpp

Done processing /rjd_projects/colcon_practice1/src/examples/rclcpp/executors/cbg_executor/include/examples_rclcpp_cbg_executor/pong_node.hpp

Using '--root=/rjd_projects/colcon_practice1/src/examples/rclcpp/executors/cbg_executor/src' argument

Done processing /rjd_projects/colcon_practice1/src/examples/rclcpp/executors/cbg_executor/src/examples_rclcpp_cbg_executor/ping_node.cpp

Done processing /rjd_projects/colcon_practice1/src/examples/rclcpp/executors/cbg_executor/src/examples_rclcpp_cbg_executor/pong_node.cpp

Done processing /rjd_projects/colcon_practice1/src/examples/rclcpp/executors/cbg_executor/src/examples_rclcpp_cbg_executor/utilities.hpp

Done processing /rjd_projects/colcon_practice1/src/examples/rclcpp/executors/cbg_executor/src/ping.cpp

Done processing /rjd_projects/colcon_practice1/src/examples/rclcpp/executors/cbg_executor/src/ping_pong.cpp

Done processing /rjd_projects/colcon_practice1/src/examples/rclcpp/executors/cbg_executor/src/pong.cpp

No problems found
-- run_test.py: return code 0
-- run_test.py: verify result file '/rjd_projects/colcon_practice1/build/examples_rclcpp_cbg_executor/test_results/examples_rclcpp_cbg_executor/cpplint.xunit.xml'
</Value>
				</Measurement>
			</Results>
			<Labels>
				<Label>cpplint</Label>
				<Label>linter</Label>
			</Labels>
		</Test>
		<Test Status="passed">
			<Name>lint_cmake</Name>
			<Path>.</Path>
			<FullName>./lint_cmake</FullName>
			<FullCommandLine>/usr/bin/python3 "-u" "/opt/ros/jazzy/share/ament_cmake_test/cmake/run_test.py" "/rjd_projects/colcon_practice1/build/examples_rclcpp_cbg_executor/test_results/examples_rclcpp_cbg_executor/lint_cmake.xunit.xml" "--package-name" "examples_rclcpp_cbg_executor" "--output-file" "/rjd_projects/colcon_practice1/build/examples_rclcpp_cbg_executor/ament_lint_cmake/lint_cmake.txt" "--command" "/opt/ros/jazzy/bin/ament_lint_cmake" "--xunit-file" "/rjd_projects/colcon_practice1/build/examples_rclcpp_cbg_executor/test_results/examples_rclcpp_cbg_executor/lint_cmake.xunit.xml"</FullCommandLine>
			<Results>
				<NamedMeasurement type="numeric/double" name="Execution Time">
					<Value>0.480105</Value>
				</NamedMeasurement>
				<NamedMeasurement type="numeric/double" name="Processors">
					<Value>1</Value>
				</NamedMeasurement>
				<NamedMeasurement type="text/string" name="Completion Status">
					<Value>Completed</Value>
				</NamedMeasurement>
				<NamedMeasurement type="text/string" name="Command Line">
					<Value>/usr/bin/python3 "-u" "/opt/ros/jazzy/share/ament_cmake_test/cmake/run_test.py" "/rjd_projects/colcon_practice1/build/examples_rclcpp_cbg_executor/test_results/examples_rclcpp_cbg_executor/lint_cmake.xunit.xml" "--package-name" "examples_rclcpp_cbg_executor" "--output-file" "/rjd_projects/colcon_practice1/build/examples_rclcpp_cbg_executor/ament_lint_cmake/lint_cmake.txt" "--command" "/opt/ros/jazzy/bin/ament_lint_cmake" "--xunit-file" "/rjd_projects/colcon_practice1/build/examples_rclcpp_cbg_executor/test_results/examples_rclcpp_cbg_executor/lint_cmake.xunit.xml"</Value>
				</NamedMeasurement>
				<NamedMeasurement type="text/string" name="Environment">
					<Value>#CTEST_RESOURCE_GROUP_COUNT=</Value>
				</NamedMeasurement>
				<Measurement>
					<Value>-- run_test.py: invoking following command in '/rjd_projects/colcon_practice1/src/examples/rclcpp/executors/cbg_executor':
 - /opt/ros/jazzy/bin/ament_lint_cmake --xunit-file /rjd_projects/colcon_practice1/build/examples_rclcpp_cbg_executor/test_results/examples_rclcpp_cbg_executor/lint_cmake.xunit.xml

No problems found
-- run_test.py: return code 0
-- run_test.py: verify result file '/rjd_projects/colcon_practice1/build/examples_rclcpp_cbg_executor/test_results/examples_rclcpp_cbg_executor/lint_cmake.xunit.xml'
</Value>
				</Measurement>
			</Results>
			<Labels>
				<Label>lint_cmake</Label>
				<Label>linter</Label>
			</Labels>
		</Test>
		<Test Status="passed">
			<Name>uncrustify</Name>
			<Path>.</Path>
			<FullName>./uncrustify</FullName>
			<FullCommandLine>/usr/bin/python3 "-u" "/opt/ros/jazzy/share/ament_cmake_test/cmake/run_test.py" "/rjd_projects/colcon_practice1/build/examples_rclcpp_cbg_executor/test_results/examples_rclcpp_cbg_executor/uncrustify.xunit.xml" "--package-name" "examples_rclcpp_cbg_executor" "--output-file" "/rjd_projects/colcon_practice1/build/examples_rclcpp_cbg_executor/ament_uncrustify/uncrustify.txt" "--command" "/opt/ros/jazzy/bin/ament_uncrustify" "--xunit-file" "/rjd_projects/colcon_practice1/build/examples_rclcpp_cbg_executor/test_results/examples_rclcpp_cbg_executor/uncrustify.xunit.xml"</FullCommandLine>
			<Results>
				<NamedMeasurement type="numeric/double" name="Execution Time">
					<Value>0.695271</Value>
				</NamedMeasurement>
				<NamedMeasurement type="numeric/double" name="Processors">
					<Value>1</Value>
				</NamedMeasurement>
				<NamedMeasurement type="text/string" name="Completion Status">
					<Value>Completed</Value>
				</NamedMeasurement>
				<NamedMeasurement type="text/string" name="Command Line">
					<Value>/usr/bin/python3 "-u" "/opt/ros/jazzy/share/ament_cmake_test/cmake/run_test.py" "/rjd_projects/colcon_practice1/build/examples_rclcpp_cbg_executor/test_results/examples_rclcpp_cbg_executor/uncrustify.xunit.xml" "--package-name" "examples_rclcpp_cbg_executor" "--output-file" "/rjd_projects/colcon_practice1/build/examples_rclcpp_cbg_executor/ament_uncrustify/uncrustify.txt" "--command" "/opt/ros/jazzy/bin/ament_uncrustify" "--xunit-file" "/rjd_projects/colcon_practice1/build/examples_rclcpp_cbg_executor/test_results/examples_rclcpp_cbg_executor/uncrustify.xunit.xml"</Value>
				</NamedMeasurement>
				<NamedMeasurement type="text/string" name="Environment">
					<Value>#CTEST_RESOURCE_GROUP_COUNT=</Value>
				</NamedMeasurement>
				<Measurement>
					<Value>-- run_test.py: invoking following command in '/rjd_projects/colcon_practice1/src/examples/rclcpp/executors/cbg_executor':
 - /opt/ros/jazzy/bin/ament_uncrustify --xunit-file /rjd_projects/colcon_practice1/build/examples_rclcpp_cbg_executor/test_results/examples_rclcpp_cbg_executor/uncrustify.xunit.xml
No code style divergence in file 'include/examples_rclcpp_cbg_executor/ping_node.hpp'

No code style divergence in file 'include/examples_rclcpp_cbg_executor/pong_node.hpp'

No code style divergence in file 'src/examples_rclcpp_cbg_executor/ping_node.cpp'

No code style divergence in file 'src/examples_rclcpp_cbg_executor/pong_node.cpp'

No code style divergence in file 'src/examples_rclcpp_cbg_executor/utilities.hpp'

No code style divergence in file 'src/ping.cpp'

No code style divergence in file 'src/ping_pong.cpp'

No code style divergence in file 'src/pong.cpp'

No problems found
-- run_test.py: return code 0
-- run_test.py: verify result file '/rjd_projects/colcon_practice1/build/examples_rclcpp_cbg_executor/test_results/examples_rclcpp_cbg_executor/uncrustify.xunit.xml'
</Value>
				</Measurement>
			</Results>
			<Labels>
				<Label>linter</Label>
				<Label>uncrustify</Label>
			</Labels>
		</Test>
		<Test Status="passed">
			<Name>xmllint</Name>
			<Path>.</Path>
			<FullName>./xmllint</FullName>
			<FullCommandLine>/usr/bin/python3 "-u" "/opt/ros/jazzy/share/ament_cmake_test/cmake/run_test.py" "/rjd_projects/colcon_practice1/build/examples_rclcpp_cbg_executor/test_results/examples_rclcpp_cbg_executor/xmllint.xunit.xml" "--package-name" "examples_rclcpp_cbg_executor" "--output-file" "/rjd_projects/colcon_practice1/build/examples_rclcpp_cbg_executor/ament_xmllint/xmllint.txt" "--command" "/opt/ros/jazzy/bin/ament_xmllint" "--xunit-file" "/rjd_projects/colcon_practice1/build/examples_rclcpp_cbg_executor/test_results/examples_rclcpp_cbg_executor/xmllint.xunit.xml"</FullCommandLine>
			<Results>
				<NamedMeasurement type="numeric/double" name="Execution Time">
					<Value>0.65449</Value>
				</NamedMeasurement>
				<NamedMeasurement type="numeric/double" name="Processors">
					<Value>1</Value>
				</NamedMeasurement>
				<NamedMeasurement type="text/string" name="Completion Status">
					<Value>Completed</Value>
				</NamedMeasurement>
				<NamedMeasurement type="text/string" name="Command Line">
					<Value>/usr/bin/python3 "-u" "/opt/ros/jazzy/share/ament_cmake_test/cmake/run_test.py" "/rjd_projects/colcon_practice1/build/examples_rclcpp_cbg_executor/test_results/examples_rclcpp_cbg_executor/xmllint.xunit.xml" "--package-name" "examples_rclcpp_cbg_executor" "--output-file" "/rjd_projects/colcon_practice1/build/examples_rclcpp_cbg_executor/ament_xmllint/xmllint.txt" "--command" "/opt/ros/jazzy/bin/ament_xmllint" "--xunit-file" "/rjd_projects/colcon_practice1/build/examples_rclcpp_cbg_executor/test_results/examples_rclcpp_cbg_executor/xmllint.xunit.xml"</Value>
				</NamedMeasurement>
				<NamedMeasurement type="text/string" name="Environment">
					<Value>#CTEST_RESOURCE_GROUP_COUNT=</Value>
				</NamedMeasurement>
				<Measurement>
					<Value>-- run_test.py: invoking following command in '/rjd_projects/colcon_practice1/src/examples/rclcpp/executors/cbg_executor':
 - /opt/ros/jazzy/bin/ament_xmllint --xunit-file /rjd_projects/colcon_practice1/build/examples_rclcpp_cbg_executor/test_results/examples_rclcpp_cbg_executor/xmllint.xunit.xml
File 'package.xml' is valid

No problems found
-- run_test.py: return code 0
-- run_test.py: verify result file '/rjd_projects/colcon_practice1/build/examples_rclcpp_cbg_executor/test_results/examples_rclcpp_cbg_executor/xmllint.xunit.xml'
</Value>
				</Measurement>
			</Results>
			<Labels>
				<Label>linter</Label>
				<Label>xmllint</Label>
			</Labels>
		</Test>
		<EndDateTime>Oct 03 21:06 UTC</EndDateTime>
		<EndTestTime>1727989593</EndTestTime>
		<ElapsedMinutes>0</ElapsedMinutes>
	</Testing>
</Site>
