Start testing: Oct 03 21:06 UTC
----------------------------------------------------------
1/6 Testing: copyright
1/6 Test: copyright
Command: "/usr/bin/python3" "-u" "/opt/ros/jazzy/share/ament_cmake_test/cmake/run_test.py" "/rjd_projects/colcon_practice1/build/examples_rclcpp_minimal_service/test_results/examples_rclcpp_minimal_service/copyright.xunit.xml" "--package-name" "examples_rclcpp_minimal_service" "--output-file" "/rjd_projects/colcon_practice1/build/examples_rclcpp_minimal_service/ament_copyright/copyright.txt" "--command" "/opt/ros/jazzy/bin/ament_copyright" "--xunit-file" "/rjd_projects/colcon_practice1/build/examples_rclcpp_minimal_service/test_results/examples_rclcpp_minimal_service/copyright.xunit.xml"
Directory: /rjd_projects/colcon_practice1/src/examples/rclcpp/services/minimal_service
"copyright" start time: Oct 03 21:06 UTC
Output:
----------------------------------------------------------
-- run_test.py: invoking following command in '/rjd_projects/colcon_practice1/src/examples/rclcpp/services/minimal_service':
 - /opt/ros/jazzy/bin/ament_copyright --xunit-file /rjd_projects/colcon_practice1/build/examples_rclcpp_minimal_service/test_results/examples_rclcpp_minimal_service/copyright.xunit.xml
No problems found, checked 1 files
-- run_test.py: return code 0
-- run_test.py: verify result file '/rjd_projects/colcon_practice1/build/examples_rclcpp_minimal_service/test_results/examples_rclcpp_minimal_service/copyright.xunit.xml'
<end of output>
Test time =   1.12 sec
----------------------------------------------------------
Test Passed.
"copyright" end time: Oct 03 21:06 UTC
"copyright" time elapsed: 00:00:01
----------------------------------------------------------

2/6 Testing: cppcheck
2/6 Test: cppcheck
Command: "/usr/bin/python3" "-u" "/opt/ros/jazzy/share/ament_cmake_test/cmake/run_test.py" "/rjd_projects/colcon_practice1/build/examples_rclcpp_minimal_service/test_results/examples_rclcpp_minimal_service/cppcheck.xunit.xml" "--package-name" "examples_rclcpp_minimal_service" "--output-file" "/rjd_projects/colcon_practice1/build/examples_rclcpp_minimal_service/ament_cppcheck/cppcheck.txt" "--command" "/opt/ros/jazzy/bin/ament_cppcheck" "--xunit-file" "/rjd_projects/colcon_practice1/build/examples_rclcpp_minimal_service/test_results/examples_rclcpp_minimal_service/cppcheck.xunit.xml"
Directory: /rjd_projects/colcon_practice1/src/examples/rclcpp/services/minimal_service
"cppcheck" start time: Oct 03 21:06 UTC
Output:
----------------------------------------------------------
-- run_test.py: invoking following command in '/rjd_projects/colcon_practice1/src/examples/rclcpp/services/minimal_service':
 - /opt/ros/jazzy/bin/ament_cppcheck --xunit-file /rjd_projects/colcon_practice1/build/examples_rclcpp_minimal_service/test_results/examples_rclcpp_minimal_service/cppcheck.xunit.xml
cppcheck 2.13.0 has known performance issues and therefore will not be used, set the AMENT_CPPCHECK_ALLOW_SLOW_VERSIONS environment variable to override this.
-- run_test.py: return code 0
-- run_test.py: verify result file '/rjd_projects/colcon_practice1/build/examples_rclcpp_minimal_service/test_results/examples_rclcpp_minimal_service/cppcheck.xunit.xml'
<end of output>
Test time =   0.61 sec
----------------------------------------------------------
Test Passed.
"cppcheck" end time: Oct 03 21:06 UTC
"cppcheck" time elapsed: 00:00:00
----------------------------------------------------------

3/6 Testing: cpplint
3/6 Test: cpplint
Command: "/usr/bin/python3" "-u" "/opt/ros/jazzy/share/ament_cmake_test/cmake/run_test.py" "/rjd_projects/colcon_practice1/build/examples_rclcpp_minimal_service/test_results/examples_rclcpp_minimal_service/cpplint.xunit.xml" "--package-name" "examples_rclcpp_minimal_service" "--output-file" "/rjd_projects/colcon_practice1/build/examples_rclcpp_minimal_service/ament_cpplint/cpplint.txt" "--command" "/opt/ros/jazzy/bin/ament_cpplint" "--xunit-file" "/rjd_projects/colcon_practice1/build/examples_rclcpp_minimal_service/test_results/examples_rclcpp_minimal_service/cpplint.xunit.xml"
Directory: /rjd_projects/colcon_practice1/src/examples/rclcpp/services/minimal_service
"cpplint" start time: Oct 03 21:06 UTC
Output:
----------------------------------------------------------
-- run_test.py: invoking following command in '/rjd_projects/colcon_practice1/src/examples/rclcpp/services/minimal_service':
 - /opt/ros/jazzy/bin/ament_cpplint --xunit-file /rjd_projects/colcon_practice1/build/examples_rclcpp_minimal_service/test_results/examples_rclcpp_minimal_service/cpplint.xunit.xml
Using '--root=..' argument

Done processing /rjd_projects/colcon_practice1/src/examples/rclcpp/services/minimal_service/main.cpp

No problems found
-- run_test.py: return code 0
-- run_test.py: verify result file '/rjd_projects/colcon_practice1/build/examples_rclcpp_minimal_service/test_results/examples_rclcpp_minimal_service/cpplint.xunit.xml'
<end of output>
Test time =   0.83 sec
----------------------------------------------------------
Test Passed.
"cpplint" end time: Oct 03 21:06 UTC
"cpplint" time elapsed: 00:00:00
----------------------------------------------------------

4/6 Testing: lint_cmake
4/6 Test: lint_cmake
Command: "/usr/bin/python3" "-u" "/opt/ros/jazzy/share/ament_cmake_test/cmake/run_test.py" "/rjd_projects/colcon_practice1/build/examples_rclcpp_minimal_service/test_results/examples_rclcpp_minimal_service/lint_cmake.xunit.xml" "--package-name" "examples_rclcpp_minimal_service" "--output-file" "/rjd_projects/colcon_practice1/build/examples_rclcpp_minimal_service/ament_lint_cmake/lint_cmake.txt" "--command" "/opt/ros/jazzy/bin/ament_lint_cmake" "--xunit-file" "/rjd_projects/colcon_practice1/build/examples_rclcpp_minimal_service/test_results/examples_rclcpp_minimal_service/lint_cmake.xunit.xml"
Directory: /rjd_projects/colcon_practice1/src/examples/rclcpp/services/minimal_service
"lint_cmake" start time: Oct 03 21:06 UTC
Output:
----------------------------------------------------------
-- run_test.py: invoking following command in '/rjd_projects/colcon_practice1/src/examples/rclcpp/services/minimal_service':
 - /opt/ros/jazzy/bin/ament_lint_cmake --xunit-file /rjd_projects/colcon_practice1/build/examples_rclcpp_minimal_service/test_results/examples_rclcpp_minimal_service/lint_cmake.xunit.xml

No problems found
-- run_test.py: return code 0
-- run_test.py: verify result file '/rjd_projects/colcon_practice1/build/examples_rclcpp_minimal_service/test_results/examples_rclcpp_minimal_service/lint_cmake.xunit.xml'
<end of output>
Test time =   0.53 sec
----------------------------------------------------------
Test Passed.
"lint_cmake" end time: Oct 03 21:06 UTC
"lint_cmake" time elapsed: 00:00:00
----------------------------------------------------------

5/6 Testing: uncrustify
5/6 Test: uncrustify
Command: "/usr/bin/python3" "-u" "/opt/ros/jazzy/share/ament_cmake_test/cmake/run_test.py" "/rjd_projects/colcon_practice1/build/examples_rclcpp_minimal_service/test_results/examples_rclcpp_minimal_service/uncrustify.xunit.xml" "--package-name" "examples_rclcpp_minimal_service" "--output-file" "/rjd_projects/colcon_practice1/build/examples_rclcpp_minimal_service/ament_uncrustify/uncrustify.txt" "--command" "/opt/ros/jazzy/bin/ament_uncrustify" "--xunit-file" "/rjd_projects/colcon_practice1/build/examples_rclcpp_minimal_service/test_results/examples_rclcpp_minimal_service/uncrustify.xunit.xml"
Directory: /rjd_projects/colcon_practice1/src/examples/rclcpp/services/minimal_service
"uncrustify" start time: Oct 03 21:06 UTC
Output:
----------------------------------------------------------
-- run_test.py: invoking following command in '/rjd_projects/colcon_practice1/src/examples/rclcpp/services/minimal_service':
 - /opt/ros/jazzy/bin/ament_uncrustify --xunit-file /rjd_projects/colcon_practice1/build/examples_rclcpp_minimal_service/test_results/examples_rclcpp_minimal_service/uncrustify.xunit.xml
No code style divergence in file 'main.cpp'

No problems found
-- run_test.py: return code 0
-- run_test.py: verify result file '/rjd_projects/colcon_practice1/build/examples_rclcpp_minimal_service/test_results/examples_rclcpp_minimal_service/uncrustify.xunit.xml'
<end of output>
Test time =   0.54 sec
----------------------------------------------------------
Test Passed.
"uncrustify" end time: Oct 03 21:06 UTC
"uncrustify" time elapsed: 00:00:00
----------------------------------------------------------

6/6 Testing: xmllint
6/6 Test: xmllint
Command: "/usr/bin/python3" "-u" "/opt/ros/jazzy/share/ament_cmake_test/cmake/run_test.py" "/rjd_projects/colcon_practice1/build/examples_rclcpp_minimal_service/test_results/examples_rclcpp_minimal_service/xmllint.xunit.xml" "--package-name" "examples_rclcpp_minimal_service" "--output-file" "/rjd_projects/colcon_practice1/build/examples_rclcpp_minimal_service/ament_xmllint/xmllint.txt" "--command" "/opt/ros/jazzy/bin/ament_xmllint" "--xunit-file" "/rjd_projects/colcon_practice1/build/examples_rclcpp_minimal_service/test_results/examples_rclcpp_minimal_service/xmllint.xunit.xml"
Directory: /rjd_projects/colcon_practice1/src/examples/rclcpp/services/minimal_service
"xmllint" start time: Oct 03 21:06 UTC
Output:
----------------------------------------------------------
-- run_test.py: invoking following command in '/rjd_projects/colcon_practice1/src/examples/rclcpp/services/minimal_service':
 - /opt/ros/jazzy/bin/ament_xmllint --xunit-file /rjd_projects/colcon_practice1/build/examples_rclcpp_minimal_service/test_results/examples_rclcpp_minimal_service/xmllint.xunit.xml
File 'package.xml' is valid

No problems found
-- run_test.py: return code 0
-- run_test.py: verify result file '/rjd_projects/colcon_practice1/build/examples_rclcpp_minimal_service/test_results/examples_rclcpp_minimal_service/xmllint.xunit.xml'
<end of output>
Test time =   0.93 sec
----------------------------------------------------------
Test Passed.
"xmllint" end time: Oct 03 21:06 UTC
"xmllint" time elapsed: 00:00:00
----------------------------------------------------------

End testing: Oct 03 21:06 UTC

copyright =   1.12 sec*proc

cppcheck =   0.61 sec*proc

cpplint =   0.83 sec*proc

lint_cmake =   0.53 sec*proc

linter =   4.56 sec*proc

uncrustify =   0.54 sec*proc

xmllint =   0.93 sec*proc

