<?xml version="1.0" encoding="utf-8"?><testsuites><testsuite name="pytest" errors="0" failures="0" skipped="0" tests="3" time="2.532" timestamp="2024-10-03T21:06:28.723308" hostname="99b7dac1d50b"><testcase classname="examples_rclpy_executors.executors.test.test_copyright" name="test_copyright" time="1.408" /><testcase classname="examples_rclpy_executors.executors.test.test_flake8" name="test_flake8" time="0.521" /><testcase classname="examples_rclpy_executors.executors.test.test_pep257" name="test_pep257" time="0.167" /></testsuite></testsuites>