<?xml version="1.0" encoding="UTF-8"?>
<Site BuildName="(empty)"
	BuildStamp="20241003-2106-Experimental"
	Name="9089e2a3b0de"
	Generator="ctest-3.28.3"
	CompilerName="/usr/bin/c++"
	CompilerVersion="13.2.0"
	OSName="Linux"
	Hostname="99b7dac1d50b"
	OSRelease="6.10.4-linuxkit"
	OSVersion="#1 SMP PREEMPT_DYNAMIC Mon Aug 12 08:48:58 UTC 2024"
	OSPlatform="x86_64"
	Is64Bits="1"
	VendorString="GenuineIntel"
	VendorID="Intel Corporation"
	FamilyID="6"
	ModelID="126"
	ProcessorCacheSize="6144"
	NumberOfLogicalCPU="8"
	NumberOfPhysicalCPU="8"
	TotalVirtualMemory="1023"
	TotalPhysicalMemory="11959"
	LogicalProcessorsPerPhysical="1"
	ProcessorClockFrequency="1996.79"
	>
	<Testing>
		<StartDateTime>Oct 03 21:06 UTC</StartDateTime>
		<StartTestTime>1727989585</StartTestTime>
		<TestList>
			<Test>./copyright</Test>
			<Test>./cppcheck</Test>
			<Test>./cpplint</Test>
			<Test>./lint_cmake</Test>
			<Test>./uncrustify</Test>
			<Test>./xmllint</Test>
		</TestList>
		<Test Status="passed">
			<Name>copyright</Name>
			<Path>.</Path>
			<FullName>./copyright</FullName>
			<FullCommandLine>/usr/bin/python3 "-u" "/opt/ros/jazzy/share/ament_cmake_test/cmake/run_test.py" "/rjd_projects/colcon_practice1/build/examples_rclcpp_wait_set/test_results/examples_rclcpp_wait_set/copyright.xunit.xml" "--package-name" "examples_rclcpp_wait_set" "--output-file" "/rjd_projects/colcon_practice1/build/examples_rclcpp_wait_set/ament_copyright/copyright.txt" "--command" "/opt/ros/jazzy/bin/ament_copyright" "--xunit-file" "/rjd_projects/colcon_practice1/build/examples_rclcpp_wait_set/test_results/examples_rclcpp_wait_set/copyright.xunit.xml"</FullCommandLine>
			<Results>
				<NamedMeasurement type="numeric/double" name="Execution Time">
					<Value>3.39464</Value>
				</NamedMeasurement>
				<NamedMeasurement type="numeric/double" name="Processors">
					<Value>1</Value>
				</NamedMeasurement>
				<NamedMeasurement type="text/string" name="Completion Status">
					<Value>Completed</Value>
				</NamedMeasurement>
				<NamedMeasurement type="text/string" name="Command Line">
					<Value>/usr/bin/python3 "-u" "/opt/ros/jazzy/share/ament_cmake_test/cmake/run_test.py" "/rjd_projects/colcon_practice1/build/examples_rclcpp_wait_set/test_results/examples_rclcpp_wait_set/copyright.xunit.xml" "--package-name" "examples_rclcpp_wait_set" "--output-file" "/rjd_projects/colcon_practice1/build/examples_rclcpp_wait_set/ament_copyright/copyright.txt" "--command" "/opt/ros/jazzy/bin/ament_copyright" "--xunit-file" "/rjd_projects/colcon_practice1/build/examples_rclcpp_wait_set/test_results/examples_rclcpp_wait_set/copyright.xunit.xml"</Value>
				</NamedMeasurement>
				<NamedMeasurement type="text/string" name="Environment">
					<Value>#CTEST_RESOURCE_GROUP_COUNT=</Value>
				</NamedMeasurement>
				<Measurement>
					<Value>-- run_test.py: invoking following command in '/rjd_projects/colcon_practice1/src/examples/rclcpp/wait_set':
 - /opt/ros/jazzy/bin/ament_copyright --xunit-file /rjd_projects/colcon_practice1/build/examples_rclcpp_wait_set/test_results/examples_rclcpp_wait_set/copyright.xunit.xml
No problems found, checked 15 files
-- run_test.py: return code 0
-- run_test.py: verify result file '/rjd_projects/colcon_practice1/build/examples_rclcpp_wait_set/test_results/examples_rclcpp_wait_set/copyright.xunit.xml'
</Value>
				</Measurement>
			</Results>
			<Labels>
				<Label>copyright</Label>
				<Label>linter</Label>
			</Labels>
		</Test>
		<Test Status="passed">
			<Name>cppcheck</Name>
			<Path>.</Path>
			<FullName>./cppcheck</FullName>
			<FullCommandLine>/usr/bin/python3 "-u" "/opt/ros/jazzy/share/ament_cmake_test/cmake/run_test.py" "/rjd_projects/colcon_practice1/build/examples_rclcpp_wait_set/test_results/examples_rclcpp_wait_set/cppcheck.xunit.xml" "--package-name" "examples_rclcpp_wait_set" "--output-file" "/rjd_projects/colcon_practice1/build/examples_rclcpp_wait_set/ament_cppcheck/cppcheck.txt" "--command" "/opt/ros/jazzy/bin/ament_cppcheck" "--xunit-file" "/rjd_projects/colcon_practice1/build/examples_rclcpp_wait_set/test_results/examples_rclcpp_wait_set/cppcheck.xunit.xml" "--include_dirs" "/rjd_projects/colcon_practice1/src/examples/rclcpp/wait_set/include"</FullCommandLine>
			<Results>
				<NamedMeasurement type="numeric/double" name="Execution Time">
					<Value>0.516399</Value>
				</NamedMeasurement>
				<NamedMeasurement type="numeric/double" name="Processors">
					<Value>1</Value>
				</NamedMeasurement>
				<NamedMeasurement type="text/string" name="Completion Status">
					<Value>Completed</Value>
				</NamedMeasurement>
				<NamedMeasurement type="text/string" name="Command Line">
					<Value>/usr/bin/python3 "-u" "/opt/ros/jazzy/share/ament_cmake_test/cmake/run_test.py" "/rjd_projects/colcon_practice1/build/examples_rclcpp_wait_set/test_results/examples_rclcpp_wait_set/cppcheck.xunit.xml" "--package-name" "examples_rclcpp_wait_set" "--output-file" "/rjd_projects/colcon_practice1/build/examples_rclcpp_wait_set/ament_cppcheck/cppcheck.txt" "--command" "/opt/ros/jazzy/bin/ament_cppcheck" "--xunit-file" "/rjd_projects/colcon_practice1/build/examples_rclcpp_wait_set/test_results/examples_rclcpp_wait_set/cppcheck.xunit.xml" "--include_dirs" "/rjd_projects/colcon_practice1/src/examples/rclcpp/wait_set/include"</Value>
				</NamedMeasurement>
				<NamedMeasurement type="text/string" name="Environment">
					<Value>#CTEST_RESOURCE_GROUP_COUNT=</Value>
				</NamedMeasurement>
				<Measurement>
					<Value>-- run_test.py: invoking following command in '/rjd_projects/colcon_practice1/src/examples/rclcpp/wait_set':
 - /opt/ros/jazzy/bin/ament_cppcheck --xunit-file /rjd_projects/colcon_practice1/build/examples_rclcpp_wait_set/test_results/examples_rclcpp_wait_set/cppcheck.xunit.xml --include_dirs /rjd_projects/colcon_practice1/src/examples/rclcpp/wait_set/include
cppcheck 2.13.0 has known performance issues and therefore will not be used, set the AMENT_CPPCHECK_ALLOW_SLOW_VERSIONS environment variable to override this.
-- run_test.py: return code 0
-- run_test.py: verify result file '/rjd_projects/colcon_practice1/build/examples_rclcpp_wait_set/test_results/examples_rclcpp_wait_set/cppcheck.xunit.xml'
</Value>
				</Measurement>
			</Results>
			<Labels>
				<Label>cppcheck</Label>
				<Label>linter</Label>
			</Labels>
		</Test>
		<Test Status="passed">
			<Name>cpplint</Name>
			<Path>.</Path>
			<FullName>./cpplint</FullName>
			<FullCommandLine>/usr/bin/python3 "-u" "/opt/ros/jazzy/share/ament_cmake_test/cmake/run_test.py" "/rjd_projects/colcon_practice1/build/examples_rclcpp_wait_set/test_results/examples_rclcpp_wait_set/cpplint.xunit.xml" "--package-name" "examples_rclcpp_wait_set" "--output-file" "/rjd_projects/colcon_practice1/build/examples_rclcpp_wait_set/ament_cpplint/cpplint.txt" "--command" "/opt/ros/jazzy/bin/ament_cpplint" "--xunit-file" "/rjd_projects/colcon_practice1/build/examples_rclcpp_wait_set/test_results/examples_rclcpp_wait_set/cpplint.xunit.xml"</FullCommandLine>
			<Results>
				<NamedMeasurement type="numeric/double" name="Execution Time">
					<Value>5.09585</Value>
				</NamedMeasurement>
				<NamedMeasurement type="numeric/double" name="Processors">
					<Value>1</Value>
				</NamedMeasurement>
				<NamedMeasurement type="text/string" name="Completion Status">
					<Value>Completed</Value>
				</NamedMeasurement>
				<NamedMeasurement type="text/string" name="Command Line">
					<Value>/usr/bin/python3 "-u" "/opt/ros/jazzy/share/ament_cmake_test/cmake/run_test.py" "/rjd_projects/colcon_practice1/build/examples_rclcpp_wait_set/test_results/examples_rclcpp_wait_set/cpplint.xunit.xml" "--package-name" "examples_rclcpp_wait_set" "--output-file" "/rjd_projects/colcon_practice1/build/examples_rclcpp_wait_set/ament_cpplint/cpplint.txt" "--command" "/opt/ros/jazzy/bin/ament_cpplint" "--xunit-file" "/rjd_projects/colcon_practice1/build/examples_rclcpp_wait_set/test_results/examples_rclcpp_wait_set/cpplint.xunit.xml"</Value>
				</NamedMeasurement>
				<NamedMeasurement type="text/string" name="Environment">
					<Value>#CTEST_RESOURCE_GROUP_COUNT=</Value>
				</NamedMeasurement>
				<Measurement>
					<Value>-- run_test.py: invoking following command in '/rjd_projects/colcon_practice1/src/examples/rclcpp/wait_set':
 - /opt/ros/jazzy/bin/ament_cpplint --xunit-file /rjd_projects/colcon_practice1/build/examples_rclcpp_wait_set/test_results/examples_rclcpp_wait_set/cpplint.xunit.xml
Using '--root=/rjd_projects/colcon_practice1/src/examples/rclcpp/wait_set/include' argument

Done processing /rjd_projects/colcon_practice1/src/examples/rclcpp/wait_set/include/wait_set/listener.hpp

Done processing /rjd_projects/colcon_practice1/src/examples/rclcpp/wait_set/include/wait_set/random_listener.hpp

Done processing /rjd_projects/colcon_practice1/src/examples/rclcpp/wait_set/include/wait_set/random_talker.hpp

Done processing /rjd_projects/colcon_practice1/src/examples/rclcpp/wait_set/include/wait_set/talker.hpp

Done processing /rjd_projects/colcon_practice1/src/examples/rclcpp/wait_set/include/wait_set/visibility.h

Using '--root=/rjd_projects/colcon_practice1/src/examples/rclcpp/wait_set/src' argument

Done processing /rjd_projects/colcon_practice1/src/examples/rclcpp/wait_set/src/executor_random_order.cpp

Done processing /rjd_projects/colcon_practice1/src/examples/rclcpp/wait_set/src/listener.cpp

Done processing /rjd_projects/colcon_practice1/src/examples/rclcpp/wait_set/src/static_wait_set.cpp

Done processing /rjd_projects/colcon_practice1/src/examples/rclcpp/wait_set/src/talker.cpp

Done processing /rjd_projects/colcon_practice1/src/examples/rclcpp/wait_set/src/thread_safe_wait_set.cpp

Done processing /rjd_projects/colcon_practice1/src/examples/rclcpp/wait_set/src/wait_set.cpp

Done processing /rjd_projects/colcon_practice1/src/examples/rclcpp/wait_set/src/wait_set_composed.cpp

Done processing /rjd_projects/colcon_practice1/src/examples/rclcpp/wait_set/src/wait_set_random_order.cpp

Done processing /rjd_projects/colcon_practice1/src/examples/rclcpp/wait_set/src/wait_set_topics_and_timer.cpp

Done processing /rjd_projects/colcon_practice1/src/examples/rclcpp/wait_set/src/wait_set_topics_with_different_rates.cpp

No problems found
-- run_test.py: return code 0
-- run_test.py: verify result file '/rjd_projects/colcon_practice1/build/examples_rclcpp_wait_set/test_results/examples_rclcpp_wait_set/cpplint.xunit.xml'
</Value>
				</Measurement>
			</Results>
			<Labels>
				<Label>cpplint</Label>
				<Label>linter</Label>
			</Labels>
		</Test>
		<Test Status="passed">
			<Name>lint_cmake</Name>
			<Path>.</Path>
			<FullName>./lint_cmake</FullName>
			<FullCommandLine>/usr/bin/python3 "-u" "/opt/ros/jazzy/share/ament_cmake_test/cmake/run_test.py" "/rjd_projects/colcon_practice1/build/examples_rclcpp_wait_set/test_results/examples_rclcpp_wait_set/lint_cmake.xunit.xml" "--package-name" "examples_rclcpp_wait_set" "--output-file" "/rjd_projects/colcon_practice1/build/examples_rclcpp_wait_set/ament_lint_cmake/lint_cmake.txt" "--command" "/opt/ros/jazzy/bin/ament_lint_cmake" "--xunit-file" "/rjd_projects/colcon_practice1/build/examples_rclcpp_wait_set/test_results/examples_rclcpp_wait_set/lint_cmake.xunit.xml"</FullCommandLine>
			<Results>
				<NamedMeasurement type="numeric/double" name="Execution Time">
					<Value>0.41988</Value>
				</NamedMeasurement>
				<NamedMeasurement type="numeric/double" name="Processors">
					<Value>1</Value>
				</NamedMeasurement>
				<NamedMeasurement type="text/string" name="Completion Status">
					<Value>Completed</Value>
				</NamedMeasurement>
				<NamedMeasurement type="text/string" name="Command Line">
					<Value>/usr/bin/python3 "-u" "/opt/ros/jazzy/share/ament_cmake_test/cmake/run_test.py" "/rjd_projects/colcon_practice1/build/examples_rclcpp_wait_set/test_results/examples_rclcpp_wait_set/lint_cmake.xunit.xml" "--package-name" "examples_rclcpp_wait_set" "--output-file" "/rjd_projects/colcon_practice1/build/examples_rclcpp_wait_set/ament_lint_cmake/lint_cmake.txt" "--command" "/opt/ros/jazzy/bin/ament_lint_cmake" "--xunit-file" "/rjd_projects/colcon_practice1/build/examples_rclcpp_wait_set/test_results/examples_rclcpp_wait_set/lint_cmake.xunit.xml"</Value>
				</NamedMeasurement>
				<NamedMeasurement type="text/string" name="Environment">
					<Value>#CTEST_RESOURCE_GROUP_COUNT=</Value>
				</NamedMeasurement>
				<Measurement>
					<Value>-- run_test.py: invoking following command in '/rjd_projects/colcon_practice1/src/examples/rclcpp/wait_set':
 - /opt/ros/jazzy/bin/ament_lint_cmake --xunit-file /rjd_projects/colcon_practice1/build/examples_rclcpp_wait_set/test_results/examples_rclcpp_wait_set/lint_cmake.xunit.xml

No problems found
-- run_test.py: return code 0
-- run_test.py: verify result file '/rjd_projects/colcon_practice1/build/examples_rclcpp_wait_set/test_results/examples_rclcpp_wait_set/lint_cmake.xunit.xml'
</Value>
				</Measurement>
			</Results>
			<Labels>
				<Label>lint_cmake</Label>
				<Label>linter</Label>
			</Labels>
		</Test>
		<Test Status="passed">
			<Name>uncrustify</Name>
			<Path>.</Path>
			<FullName>./uncrustify</FullName>
			<FullCommandLine>/usr/bin/python3 "-u" "/opt/ros/jazzy/share/ament_cmake_test/cmake/run_test.py" "/rjd_projects/colcon_practice1/build/examples_rclcpp_wait_set/test_results/examples_rclcpp_wait_set/uncrustify.xunit.xml" "--package-name" "examples_rclcpp_wait_set" "--output-file" "/rjd_projects/colcon_practice1/build/examples_rclcpp_wait_set/ament_uncrustify/uncrustify.txt" "--command" "/opt/ros/jazzy/bin/ament_uncrustify" "--xunit-file" "/rjd_projects/colcon_practice1/build/examples_rclcpp_wait_set/test_results/examples_rclcpp_wait_set/uncrustify.xunit.xml"</FullCommandLine>
			<Results>
				<NamedMeasurement type="numeric/double" name="Execution Time">
					<Value>0.635421</Value>
				</NamedMeasurement>
				<NamedMeasurement type="numeric/double" name="Processors">
					<Value>1</Value>
				</NamedMeasurement>
				<NamedMeasurement type="text/string" name="Completion Status">
					<Value>Completed</Value>
				</NamedMeasurement>
				<NamedMeasurement type="text/string" name="Command Line">
					<Value>/usr/bin/python3 "-u" "/opt/ros/jazzy/share/ament_cmake_test/cmake/run_test.py" "/rjd_projects/colcon_practice1/build/examples_rclcpp_wait_set/test_results/examples_rclcpp_wait_set/uncrustify.xunit.xml" "--package-name" "examples_rclcpp_wait_set" "--output-file" "/rjd_projects/colcon_practice1/build/examples_rclcpp_wait_set/ament_uncrustify/uncrustify.txt" "--command" "/opt/ros/jazzy/bin/ament_uncrustify" "--xunit-file" "/rjd_projects/colcon_practice1/build/examples_rclcpp_wait_set/test_results/examples_rclcpp_wait_set/uncrustify.xunit.xml"</Value>
				</NamedMeasurement>
				<NamedMeasurement type="text/string" name="Environment">
					<Value>#CTEST_RESOURCE_GROUP_COUNT=</Value>
				</NamedMeasurement>
				<Measurement>
					<Value>-- run_test.py: invoking following command in '/rjd_projects/colcon_practice1/src/examples/rclcpp/wait_set':
 - /opt/ros/jazzy/bin/ament_uncrustify --xunit-file /rjd_projects/colcon_practice1/build/examples_rclcpp_wait_set/test_results/examples_rclcpp_wait_set/uncrustify.xunit.xml
No code style divergence in file 'include/wait_set/listener.hpp'

No code style divergence in file 'include/wait_set/random_listener.hpp'

No code style divergence in file 'include/wait_set/random_talker.hpp'

No code style divergence in file 'include/wait_set/talker.hpp'

No code style divergence in file 'include/wait_set/visibility.h'

No code style divergence in file 'src/executor_random_order.cpp'

No code style divergence in file 'src/listener.cpp'

No code style divergence in file 'src/static_wait_set.cpp'

No code style divergence in file 'src/talker.cpp'

No code style divergence in file 'src/thread_safe_wait_set.cpp'

No code style divergence in file 'src/wait_set.cpp'

No code style divergence in file 'src/wait_set_composed.cpp'

No code style divergence in file 'src/wait_set_random_order.cpp'

No code style divergence in file 'src/wait_set_topics_and_timer.cpp'

No code style divergence in file 'src/wait_set_topics_with_different_rates.cpp'

No problems found
-- run_test.py: return code 0
-- run_test.py: verify result file '/rjd_projects/colcon_practice1/build/examples_rclcpp_wait_set/test_results/examples_rclcpp_wait_set/uncrustify.xunit.xml'
</Value>
				</Measurement>
			</Results>
			<Labels>
				<Label>linter</Label>
				<Label>uncrustify</Label>
			</Labels>
		</Test>
		<Test Status="passed">
			<Name>xmllint</Name>
			<Path>.</Path>
			<FullName>./xmllint</FullName>
			<FullCommandLine>/usr/bin/python3 "-u" "/opt/ros/jazzy/share/ament_cmake_test/cmake/run_test.py" "/rjd_projects/colcon_practice1/build/examples_rclcpp_wait_set/test_results/examples_rclcpp_wait_set/xmllint.xunit.xml" "--package-name" "examples_rclcpp_wait_set" "--output-file" "/rjd_projects/colcon_practice1/build/examples_rclcpp_wait_set/ament_xmllint/xmllint.txt" "--command" "/opt/ros/jazzy/bin/ament_xmllint" "--xunit-file" "/rjd_projects/colcon_practice1/build/examples_rclcpp_wait_set/test_results/examples_rclcpp_wait_set/xmllint.xunit.xml"</FullCommandLine>
			<Results>
				<NamedMeasurement type="numeric/double" name="Execution Time">
					<Value>0.561486</Value>
				</NamedMeasurement>
				<NamedMeasurement type="numeric/double" name="Processors">
					<Value>1</Value>
				</NamedMeasurement>
				<NamedMeasurement type="text/string" name="Completion Status">
					<Value>Completed</Value>
				</NamedMeasurement>
				<NamedMeasurement type="text/string" name="Command Line">
					<Value>/usr/bin/python3 "-u" "/opt/ros/jazzy/share/ament_cmake_test/cmake/run_test.py" "/rjd_projects/colcon_practice1/build/examples_rclcpp_wait_set/test_results/examples_rclcpp_wait_set/xmllint.xunit.xml" "--package-name" "examples_rclcpp_wait_set" "--output-file" "/rjd_projects/colcon_practice1/build/examples_rclcpp_wait_set/ament_xmllint/xmllint.txt" "--command" "/opt/ros/jazzy/bin/ament_xmllint" "--xunit-file" "/rjd_projects/colcon_practice1/build/examples_rclcpp_wait_set/test_results/examples_rclcpp_wait_set/xmllint.xunit.xml"</Value>
				</NamedMeasurement>
				<NamedMeasurement type="text/string" name="Environment">
					<Value>#CTEST_RESOURCE_GROUP_COUNT=</Value>
				</NamedMeasurement>
				<Measurement>
					<Value>-- run_test.py: invoking following command in '/rjd_projects/colcon_practice1/src/examples/rclcpp/wait_set':
 - /opt/ros/jazzy/bin/ament_xmllint --xunit-file /rjd_projects/colcon_practice1/build/examples_rclcpp_wait_set/test_results/examples_rclcpp_wait_set/xmllint.xunit.xml
File 'package.xml' is valid

No problems found
-- run_test.py: return code 0
-- run_test.py: verify result file '/rjd_projects/colcon_practice1/build/examples_rclcpp_wait_set/test_results/examples_rclcpp_wait_set/xmllint.xunit.xml'
</Value>
				</Measurement>
			</Results>
			<Labels>
				<Label>linter</Label>
				<Label>xmllint</Label>
			</Labels>
		</Test>
		<EndDateTime>Oct 03 21:06 UTC</EndDateTime>
		<EndTestTime>1727989596</EndTestTime>
		<ElapsedMinutes>0</ElapsedMinutes>
	</Testing>
</Site>
